Vivado Simulator v2024.2.0
Copyright 1986-2022 Xilinx, Inc. All Rights Reserved.
Copyright 2022-2024 Advanced Micro Devices, Inc. All Rights Reserved.
Running: C:/Xilinx/Vivado/2024.2/bin/unwrapped/win64.o/xelab.exe --incr --debug typical --relax --mt 2 -L xil_defaultlib -L unisims_ver -L unimacro_ver -L secureip --snapshot top_tb_module_behav xil_defaultlib.top_tb_module xil_defaultlib.glbl -log elaborate.log 
Using 2 slave threads.
Starting static elaboration
Pass Through NonSizing Optimizer
WARNING: [VRFC 10-3091] actual bit length 32 differs from formal bit length 1 for port 'Cin' [C:/Users/mahes/Downloads/lab1_m152b-master/lab1_m152b-master/project_1/project_1.srcs/sources_1/new/subtraction.v:37]
WARNING: [VRFC 10-3091] actual bit length 32 differs from formal bit length 1 for port 'Cin' [C:/Users/mahes/Downloads/lab1_m152b-master/lab1_m152b-master/project_1/project_1.srcs/sources_1/new/top_module.v:53]
WARNING: [VRFC 10-3091] actual bit length 32 differs from formal bit length 1 for port 'Cin' [C:/Users/mahes/Downloads/lab1_m152b-master/lab1_m152b-master/project_1/project_1.srcs/sources_1/new/increment.v:32]
WARNING: [VRFC 10-3091] actual bit length 16 differs from formal bit length 1 for port 'N' [C:/Users/mahes/Downloads/lab1_m152b-master/lab1_m152b-master/project_1/project_1.srcs/sources_1/new/top_module.v:83]
WARNING: [VRFC 10-3091] actual bit length 16 differs from formal bit length 1 for port 'N' [C:/Users/mahes/Downloads/lab1_m152b-master/lab1_m152b-master/project_1/project_1.srcs/sources_1/new/top_module.v:92]
WARNING: [VRFC 10-5021] port 'ALUCtrl' is not connected on this instance [C:/Users/mahes/Downloads/lab1_m152b-master/lab1_m152b-master/project_1/project_1.srcs/sources_1/new/top_module.v:52]
WARNING: [VRFC 10-5021] port 'ALUCtrl' is not connected on this instance [C:/Users/mahes/Downloads/lab1_m152b-master/lab1_m152b-master/project_1/project_1.srcs/sources_1/new/top_module.v:59]
WARNING: [VRFC 10-5021] port 'ALUCtrl' is not connected on this instance [C:/Users/mahes/Downloads/lab1_m152b-master/lab1_m152b-master/project_1/project_1.srcs/sources_1/new/top_module.v:60]
WARNING: [VRFC 10-5021] port 'ALUCtrl' is not connected on this instance [C:/Users/mahes/Downloads/lab1_m152b-master/lab1_m152b-master/project_1/project_1.srcs/sources_1/new/top_module.v:61]
WARNING: [VRFC 10-5021] port 'ALUCtrl' is not connected on this instance [C:/Users/mahes/Downloads/lab1_m152b-master/lab1_m152b-master/project_1/project_1.srcs/sources_1/new/top_module.v:62]
WARNING: [VRFC 10-5021] port 'ALUCtrl' is not connected on this instance [C:/Users/mahes/Downloads/lab1_m152b-master/lab1_m152b-master/project_1/project_1.srcs/sources_1/new/decrement.v:32]
WARNING: [VRFC 10-5021] port 'ALUCtrl' is not connected on this instance [C:/Users/mahes/Downloads/lab1_m152b-master/lab1_m152b-master/project_1/project_1.srcs/sources_1/new/set_on_less_than_or_equal.v:35]
Completed static elaboration
INFO: [XSIM 43-4323] No Change in HDL. Linking previously generated obj files to create kernel
